2018-09-12 18:41:08.920363-07:00 Info Logger is set up
2018-09-12 18:41:09.102901-07:00 Debug db end prepare statements on 0, runQueuedMs=0.00, runExecuteMs=0.00, runTotalMs=0.00, txId=a6e1b650-0563-4397-b6d4-ee16954ba261
2018-09-12 18:41:09.102921-07:00 Debug db end prepare statements on 1, runQueuedMs=0.00, runExecuteMs=0.00, runTotalMs=0.00, txId=e3b57594-6fc2-4ebe-a31b-46d1f109c4ef
2018-09-12 18:41:09.102944-07:00 Debug db end prepare statements on 2, runQueuedMs=0.00, runExecuteMs=0.00, runTotalMs=0.00, txId=c828f680-969a-469b-931d-3664512a4027
2018-09-12 18:41:09.102964-07:00 Debug db end prepare statements on 3, runQueuedMs=0.00, runExecuteMs=0.00, runTotalMs=0.00, txId=0d337c30-2315-40cb-b080-be75758e5a02
2018-09-12 18:41:09.102987-07:00 Debug db end prepare statements on 4, runQueuedMs=0.00, runExecuteMs=0.00, runTotalMs=0.00, txId=bb1d48f8-05ab-427b-98d3-1dc8201cdbb2
2018-09-12 18:41:09.105273-07:00 Info Server bound to port, OneGraph started, accepting connections now
2018-09-12 18:41:12.207976-07:00 Info Request start method=OPTIONS path=/dynamic req_id=d2ced6c5-5b02-4036-bea7-8c36d33813f3
2018-09-12 18:41:12.208706-07:00 Info Request end method=OPTIONS path=/dynamic req_id=d2ced6c5-5b02-4036-bea7-8c36d33813f3 req_ms=0.71
2018-09-12 18:42:09.107310-07:00 Info conns: 0
2018-09-12 18:42:20.689917-07:00 Info Request start method=OPTIONS path=/dynamic req_id=7a6480e6-21fb-4466-b4db-f60a7482d6e2
2018-09-12 18:42:20.690570-07:00 Info Request end method=OPTIONS path=/dynamic req_id=7a6480e6-21fb-4466-b4db-f60a7482d6e2 req_ms=0.63
2018-09-12 18:43:09.110505-07:00 Info conns: 0
2018-09-12 18:44:09.111463-07:00 Info conns: 0
2018-09-12 18:45:09.114727-07:00 Info conns: 0
2018-09-12 18:46:09.119465-07:00 Info conns: 0
2018-09-12 18:47:09.120678-07:00 Info conns: 0
2018-09-12 18:48:09.121856-07:00 Info conns: 0
2018-09-12 18:49:09.123152-07:00 Info conns: 0
2018-09-12 18:50:09.125212-07:00 Info conns: 0
2018-09-12 18:51:09.129584-07:00 Info conns: 0
2018-09-12 18:52:09.132735-07:00 Info conns: 0
2018-09-12 18:53:09.136224-07:00 Info conns: 0
2018-09-12 18:54:09.142495-07:00 Info conns: 0
2018-09-12 18:55:09.144133-07:00 Info conns: 0
2018-09-12 18:56:09.149644-07:00 Info conns: 0
2018-09-12 18:57:09.152989-07:00 Info conns: 0
2018-09-12 18:58:09.155861-07:00 Info conns: 0
2018-09-12 18:59:09.157532-07:00 Info conns: 0
2018-09-12 19:00:09.161479-07:00 Info conns: 0
2018-09-12 19:01:09.164775-07:00 Info conns: 0
2018-09-12 19:02:09.165597-07:00 Info conns: 0
