2018-09-12 17:44:39.695052-07:00 Info Logger is set up
2018-09-12 17:44:39.852176-07:00 Debug db end prepare statements on 0, runQueuedMs=0.00, runExecuteMs=0.00, runTotalMs=0.00, txId=44f4dcd4-8833-4540-bed5-8702cfe2515a
2018-09-12 17:44:39.852195-07:00 Debug db end prepare statements on 1, runQueuedMs=0.00, runExecuteMs=0.00, runTotalMs=0.00, txId=2c91c20a-d320-4a20-8bbb-bcd89d8b5ef0
2018-09-12 17:44:39.852218-07:00 Debug db end prepare statements on 2, runQueuedMs=0.00, runExecuteMs=0.00, runTotalMs=0.00, txId=c905bd55-dcfc-4b4a-865c-f3b9a2701325
2018-09-12 17:44:39.852237-07:00 Debug db end prepare statements on 3, runQueuedMs=0.00, runExecuteMs=0.00, runTotalMs=0.00, txId=ca2ab119-d935-44a6-97eb-056004a087e5
2018-09-12 17:44:39.852252-07:00 Debug db end prepare statements on 4, runQueuedMs=0.00, runExecuteMs=0.00, runTotalMs=0.00, txId=d6818517-e068-46e2-b35f-45a7188da1e4
2018-09-12 17:44:39.854852-07:00 Info Server bound to port, OneGraph started, accepting connections now
2018-09-12 17:44:49.423111-07:00 Info Request start method=POST path=/dynamic req_id=12cb26eb-51f0-4b0c-b626-6746e08757b6
2018-09-12 17:44:49.438581-07:00 Info Request end method=POST path=/dynamic req_id=12cb26eb-51f0-4b0c-b626-6746e08757b6 req_ms=15.44
2018-09-12 17:44:53.481877-07:00 Info Request start method=POST path=/dynamic req_id=87960652-95ab-4cf7-9442-0ceeab0272e7
2018-09-12 17:44:53.694626-07:00 Info Return from website:
[ 17974482, 17974273, 17967366, 17970567, 17967243, 17974333, 17974296, 17973201, 17973816, 17970160, 17969472, 17970666, 17971516, 17970789, 17964657, 17965574, 17970197, 17972093, 17967731, 17974365, 17973809, 17969795, 17969843, 17967132, 17968537, 17968510, 17972849, 17972240, 17967351, 17970838, 17973473, 17972636, 17969774, 17966967, 17967084, 17967294, 17966922, 17974217, 17967767, 17967422, 17968463, 17967853, 17968277, 17974052, 17973821, 17974665, 17967352, 17967400, 17969791, 17970938, 17972185, 17973923, 17967566, 17970352, 17959085, 17968326, 17967065, 17966077, 17962149, 17972346, 17966517, 17964729, 17966136, 17967519, 17965997, 17973857, 17961820, 17958178, 17960654, 17952472, 17958560, 17965933, 17967725, 17964462, 17968349, 17962565, 17969225, 17957011, 17965520, 17963768, 17968401, 17971804, 17960690, 17958592, 17969120, 17964243, 17972448, 17965187, 17962248, 17965269, 17962805, 17962237, 17966471, 17962004, 17965541, 17968531, 17971952, 17969818, 17957284, 17973581, 17958424, 17972933, 17964497, 17953104, 17957660, 17950194, 17972810, 17973500, 17962373, 17967202, 17961677, 17972128, 17960414, 17964942, 17958021, 17960198, 17968999, 17963638, 17970123, 17966860, 17964465, 17950762, 17961002, 17962460, 17958863, 17950708, 17950058, 17951987, 17958650, 17963159, 17958365, 17957744, 17970758, 17967372, 17970488, 17969631, 17957824, 17961792, 17970111, 17956887, 17956168, 17969366, 17953986, 17957531, 17968650, 17962469, 17954031, 17962783, 17958544, 17962821, 17962205, 17972223, 17962136, 17958778, 17958164, 17962521, 17965863, 17961736, 17958215, 17958619, 17962962, 17970303, 17962840, 17961139, 17956846, 17969444, 17968791, 17954796, 17951526, 17952355, 17958987, 17959251, 17957406, 17959883, 17955783, 17966354, 17951224, 17958404, 17950992, 17952361, 17969801, 17962437, 17964213, 17958413, 17953745, 17960870, 17959050, 17950355, 17951920, 17953600, 17959539, 17950632, 17955063, 17953072, 17953578, 17954501, 17953945, 17956589, 17958731, 17972208, 17951157, 17967561, 17952205, 17950468, 17952493, 17950588, 17958648, 17956097, 17954112, 17970627, 17953132, 17968618, 17957030, 17955626, 17958090, 17957396, 17952450, 17954025, 17966905, 17951133, 17952611, 17951712, 17957313, 17970043, 17954276, 17959097, 17950771, 17956180, 17963655, 17958988, 17950782, 17969509, 17962258, 17962886, 17954438, 17952089, 17956889, 17953424, 17951478, 17955033, 17950230, 17967149, 17966079, 17967536, 17954055, 17956181, 17952632, 17953493, 17968664, 17955572, 17961110, 17952225, 17950862, 17954876, 17966046, 17965260, 17968260, 17957585, 17960006, 17950685, 17960532, 17958219, 17959431, 17962147, 17958876, 17966606, 17958708, 17950867, 17956347, 17969881, 17956283, 17963818, 17958487, 17958473, 17961826, 17950597, 17952034, 17955376, 17957609, 17954271, 17950497, 17951429, 17954081, 17958427, 17961640, 17955447, 17952678, 17953194, 17952445, 17956976, 17959416, 17956792, 17962838, 17963475, 17968645, 17963430, 17958227, 17962379, 17965353, 17958015, 17964653, 17960123, 17955299, 17963774, 17955834, 17957276, 17952658, 17964776, 17954866, 17963432, 17950155, 17963375, 17959523, 17953010, 17961198, 17955428, 17956130, 17951684, 17953579, 17951207, 17951138, 17951452, 17953218, 17955543, 17957854, 17962092, 17951705, 17958032, 17960763, 17953646, 17955944, 17962244, 17955731, 17964493, 17950612, 17956755, 17953031, 17952452, 17962760, 17962495, 17952102, 17966848, 17963840, 17952273, 17960987, 17951088, 17952023, 17960539, 17954388, 17960290, 17962850, 17952036, 17950942, 17959476, 17954823, 17962318, 17962270, 17952258, 17950272, 17955362, 17958683, 17958563, 17962724, 17956211, 17956740, 17955491, 17957545, 17957045, 17953716, 17954666, 17952723, 17960066, 17959851, 17957645, 17956010, 17957370, 17961286, 17952712, 17958705, 17963629, 17963570, 17951247, 17958173, 17956263, 17954985, 17950116, 17955562, 17957534, 17951942, 17951781, 17957432, 17954664, 17957060, 17953855, 17953460, 17956061, 17955206, 17954988, 17954882, 17958696, 17955073, 17952869, 17957984, 17952503, 17952482, 17952380, 17951405, 17951305, 17950192, 17970864, 17967334, 17950679, 17962285, 17952262, 17958700, 17972103, 17964454 ]

2018-09-12 17:44:53.912407-07:00 Info Return from website:
{"by":"petethomas","descendants":20,"id":17974273,"kids":[17974507,17974712,17974715,17974828,17974526,17974856,17974513,17974572,17974660],"score":59,"time":1536793159,"title":"China now the most prolific contributor to physical sciences, engineering, math","type":"story","url":"https://www.bloomberg.com/view/articles/2018-09-12/chinese-researchers-are-outperforming-americans-in-science"}
2018-09-12 17:44:53.926700-07:00 Info Return from website:
{"by":"cedricvg","descendants":6,"id":17970160,"kids":[17974835,17974890,17970227,17970401,17970207],"score":45,"time":1536768307,"title":"Facebook open-sources LogDevice, a distributed storage for sequential data","type":"story","url":"https://logdevice.io/"}
2018-09-12 17:44:53.930529-07:00 Info Return from website:
{"by":"replicatorblog","descendants":3,"id":17973816,"kids":[17974752],"score":22,"time":1536789393,"title":"Business school grads and quants are winning the battle to create the next P&G","type":"story","url":"https://techcrunch.com/2018/09/12/business-school-grads-and-quants-are-winning-the-battle-to-create-the-next-pg/"}
2018-09-12 17:44:53.932734-07:00 Info Return from website:
{"by":"mikro2nd","descendants":530,"id":17967243,"kids":[17967360,17967376,17970771,17967381,17967491,17968765,17967728,17973876,17969730,17969457,17967645,17967416,17968356,17970503,17969028,17967940,17967752,17967308,17968420,17974671,17967504,17967563,17971055,17967982,17967559,17973649,17968050,17972578,17968300,17972802,17971813,17974521,17968057,17973069,17971035,17967540,17970574,17970325,17970241,17970946,17970882,17971399,17969064,17970738,17971381,17971722,17969351,17969061,17969655,17971595,17974340,17969629,17969807,17969841,17969972,17970999,17970604,17967861,17967769,17968456,17967395,17974234,17969723,17967761,17973022,17968436,17967924,17967738,17969390,17968541,17973048,17968367,17968080,17967290,17971298,17967648,17967805,17967930,17967473],"score":836,"time":1536750053,"title":"Microsoft intercepting Firefox, Chrome installation on Windows 10 Insider build","type":"story","url":"https://www.ghacks.net/2018/09/12/microsoft-intercepting-firefox-chrome-installation-on-windows-10/"}
2018-09-12 17:44:53.932872-07:00 Info Return from website:
{"by":"vtomole","descendants":0,"id":17974333,"score":29,"time":1536793632,"title":"Yale researchers 'teleport' a quantum gate","type":"story","url":"https://news.yale.edu/2018/09/05/yale-researchers-teleport-quantum-gate"}
2018-09-12 17:44:53.938597-07:00 Info Return from website:
{"by":"drob","descendants":10,"id":17974296,"kids":[17974383,17974788,17974436,17974515],"score":25,"time":1536793411,"title":"How We Found a Missing Scala Class","type":"story","url":"https://heapanalytics.com/blog/engineering/missing-scala-class-noclassdeffounderror"}
2018-09-12 17:44:53.938698-07:00 Info Return from website:
{"by":"DoreenMichele","descendants":17,"id":17974482,"kids":[17974678,17974808,17974764,17974545,17974743],"score":109,"time":1536794872,"title":"Manhattan DA's office drops more than 3,000 open marijuana cases","type":"story","url":"https://www.reuters.com/article/us-new-york-marijuana/manhattan-das-office-drops-more-than-3000-open-marijuana-cases-idUSKCN1LS2ID"}
2018-09-12 17:44:53.938757-07:00 Info Return from website:
{"by":"extarial","descendants":43,"id":17973201,"kids":[17973810,17973429,17973411,17973612,17973477,17973427,17974139,17973551],"score":70,"time":1536785648,"title":"Apple, Huawei Both Claim First 7-nm Smartphone Chips","type":"story","url":"https://spectrum.ieee.org/nanoclast/semiconductors/processors/apple-huaweii-both-claim-first-7nm-smartphone-chips"}
2018-09-12 17:44:53.938804-07:00 Info Return from website:
{"by":"petethomas","descendants":179,"id":17970567,"kids":[17974373,17974931,17971577,17971426,17972725,17974637,17974152,17971727,17972007,17971691,17973198,17972871,17973412,17971280,17972860,17971297,17973064,17972414,17971492,17971738],"score":345,"time":1536770513,"title":"Brave files adtech complaint against Google","type":"story","url":"https://www.reuters.com/article/us-europe-privacy-complaint/mozilla-co-founders-brave-files-adtech-complaint-against-google-idUSKCN1LS2JL"}
2018-09-12 17:44:53.962430-07:00 Info Return from website:
{"by":"daninet","descendants":800,"id":17967366,"kids":[17973386,17967967,17967696,17968118,17967485,17974631,17967732,17969954,17967552,17969678,17967718,17967954,17967487,17967918,17967659,17967490,17968607,17967531,17974696,17967568,17972643,17973002,17967806,17968295,17968286,17974461,17968419,17968692,17972681,17967801,17967549,17974460,17968161,17967388,17967538,17967652,17970242,17974203,17967736,17968201,17968483,17967493,17974574,17968046,17973797,17967582,17974173,17967847,17967479,17969842,17969002,17969582,17973838,17967638,17974778,17967557,17967406,17973397,17968352,17967592,17970076,17967702,17967626,17967816,17968191,17967835,17968290,17967981,17967957,17969826,17967814,17969904,17972855,17967775,17972568,17974425,17969679,17968982,17968274,17974372,17967772,17968868,17973248,17970785,17968342,17967523,17967502,17967905,17970456,17967424,17969187,17969144,17968077,17972642,17968861,17968630,17967783,17967607,17967945,17968055,17969579,17968429,17968986,17968006,17967543,17967677,17967609,17967980,17969254,17970772,17967522,17967589,17968381,17967692,17970856],"score":1301,"time":1536751541,"title":"EU approves internet copyright law, including ‘link tax’ and ‘upload filter’","type":"story","url":"https://www.theverge.com/2018/9/12/17849868/eu-internet-copyright-reform-article-11-13-approved"}
2018-09-12 17:44:53.963958-07:00 Info Request end method=POST path=/dynamic req_id=87960652-95ab-4cf7-9442-0ceeab0272e7 req_ms=482.04
2018-09-12 17:44:58.341002-07:00 Info Request start method=POST path=/dynamic req_id=c6cb0961-5d79-460f-b6f8-05a4dd463b11
2018-09-12 17:44:58.561425-07:00 Info Return from website:
[ 17974482, 17974273, 17967366, 17970567, 17967243, 17974333, 17974296, 17973201, 17973816, 17970160, 17969472, 17970666, 17971516, 17970789, 17964657, 17965574, 17970197, 17972093, 17967731, 17974365, 17973809, 17969795, 17969843, 17967132, 17968537, 17968510, 17972849, 17972240, 17967351, 17970838, 17973473, 17972636, 17969774, 17966967, 17967084, 17967294, 17966922, 17974217, 17967767, 17967422, 17968463, 17967853, 17968277, 17974052, 17973821, 17974665, 17967352, 17967400, 17969791, 17970938, 17972185, 17973923, 17967566, 17970352, 17959085, 17968326, 17967065, 17966077, 17962149, 17972346, 17966517, 17964729, 17966136, 17967519, 17965997, 17973857, 17961820, 17958178, 17960654, 17952472, 17958560, 17965933, 17967725, 17964462, 17968349, 17962565, 17969225, 17957011, 17965520, 17963768, 17968401, 17971804, 17960690, 17958592, 17969120, 17964243, 17972448, 17965187, 17962248, 17965269, 17962805, 17962237, 17966471, 17962004, 17965541, 17968531, 17971952, 17969818, 17957284, 17973581, 17958424, 17972933, 17964497, 17953104, 17957660, 17950194, 17972810, 17973500, 17962373, 17967202, 17961677, 17972128, 17960414, 17964942, 17958021, 17960198, 17968999, 17963638, 17970123, 17966860, 17964465, 17950762, 17961002, 17962460, 17958863, 17950708, 17950058, 17951987, 17958650, 17963159, 17958365, 17957744, 17970758, 17967372, 17970488, 17969631, 17957824, 17961792, 17970111, 17956887, 17956168, 17969366, 17953986, 17957531, 17968650, 17962469, 17954031, 17962783, 17958544, 17962821, 17962205, 17972223, 17962136, 17958778, 17958164, 17962521, 17965863, 17961736, 17958215, 17958619, 17962962, 17970303, 17962840, 17961139, 17956846, 17969444, 17968791, 17954796, 17951526, 17952355, 17958987, 17959251, 17957406, 17959883, 17955783, 17966354, 17951224, 17958404, 17950992, 17952361, 17969801, 17962437, 17964213, 17958413, 17953745, 17960870, 17959050, 17950355, 17951920, 17953600, 17959539, 17950632, 17955063, 17953072, 17953578, 17954501, 17953945, 17956589, 17958731, 17972208, 17951157, 17967561, 17952205, 17950468, 17952493, 17950588, 17958648, 17956097, 17954112, 17970627, 17953132, 17968618, 17957030, 17955626, 17958090, 17957396, 17952450, 17954025, 17966905, 17951133, 17952611, 17951712, 17957313, 17970043, 17954276, 17959097, 17950771, 17956180, 17963655, 17958988, 17950782, 17969509, 17962258, 17962886, 17954438, 17952089, 17956889, 17953424, 17951478, 17955033, 17950230, 17967149, 17966079, 17967536, 17954055, 17956181, 17952632, 17953493, 17968664, 17955572, 17961110, 17952225, 17950862, 17954876, 17966046, 17965260, 17968260, 17957585, 17960006, 17950685, 17960532, 17958219, 17959431, 17962147, 17958876, 17966606, 17958708, 17950867, 17956347, 17969881, 17956283, 17963818, 17958487, 17958473, 17961826, 17950597, 17952034, 17955376, 17957609, 17954271, 17950497, 17951429, 17954081, 17958427, 17961640, 17955447, 17952678, 17953194, 17952445, 17956976, 17959416, 17956792, 17962838, 17963475, 17968645, 17963430, 17958227, 17962379, 17965353, 17958015, 17964653, 17960123, 17955299, 17963774, 17955834, 17957276, 17952658, 17964776, 17954866, 17963432, 17950155, 17963375, 17959523, 17953010, 17961198, 17955428, 17956130, 17951684, 17953579, 17951207, 17951138, 17951452, 17953218, 17955543, 17957854, 17962092, 17951705, 17958032, 17960763, 17953646, 17955944, 17962244, 17955731, 17964493, 17950612, 17956755, 17953031, 17952452, 17962760, 17962495, 17952102, 17966848, 17963840, 17952273, 17960987, 17951088, 17952023, 17960539, 17954388, 17960290, 17962850, 17952036, 17950942, 17959476, 17954823, 17962318, 17962270, 17952258, 17950272, 17955362, 17958683, 17958563, 17962724, 17956211, 17956740, 17955491, 17957545, 17957045, 17953716, 17954666, 17952723, 17960066, 17959851, 17957645, 17956010, 17957370, 17961286, 17952712, 17958705, 17963629, 17963570, 17951247, 17958173, 17956263, 17954985, 17950116, 17955562, 17957534, 17951942, 17951781, 17957432, 17954664, 17957060, 17953855, 17953460, 17956061, 17955206, 17954988, 17954882, 17958696, 17955073, 17952869, 17957984, 17952503, 17952482, 17952380, 17951405, 17951305, 17950192, 17970864, 17967334, 17950679, 17962285, 17952262, 17958700, 17972103, 17964454 ]

2018-09-12 17:44:58.782991-07:00 Info Return from website:
{"by":"extarial","descendants":43,"id":17973201,"kids":[17973810,17973429,17973411,17973612,17973477,17973427,17974139,17973551],"score":70,"time":1536785648,"title":"Apple, Huawei Both Claim First 7-nm Smartphone Chips","type":"story","url":"https://spectrum.ieee.org/nanoclast/semiconductors/processors/apple-huaweii-both-claim-first-7nm-smartphone-chips"}
2018-09-12 17:44:58.788689-07:00 Info Return from website:
{"by":"drob","descendants":10,"id":17974296,"kids":[17974383,17974788,17974436,17974515],"score":25,"time":1536793411,"title":"How We Found a Missing Scala Class","type":"story","url":"https://heapanalytics.com/blog/engineering/missing-scala-class-noclassdeffounderror"}
2018-09-12 17:44:58.788779-07:00 Info Return from website:
{"by":"vtomole","descendants":0,"id":17974333,"score":29,"time":1536793632,"title":"Yale researchers 'teleport' a quantum gate","type":"story","url":"https://news.yale.edu/2018/09/05/yale-researchers-teleport-quantum-gate"}
2018-09-12 17:44:58.792418-07:00 Info Return from website:
{"by":"petethomas","descendants":179,"id":17970567,"kids":[17974373,17974931,17971577,17971426,17972725,17974637,17974152,17971727,17972007,17971691,17973198,17972871,17973412,17971280,17972860,17971297,17973064,17972414,17971492,17971738],"score":345,"time":1536770513,"title":"Brave files adtech complaint against Google","type":"story","url":"https://www.reuters.com/article/us-europe-privacy-complaint/mozilla-co-founders-brave-files-adtech-complaint-against-google-idUSKCN1LS2JL"}
2018-09-12 17:44:58.792497-07:00 Info Return from website:
{"by":"replicatorblog","descendants":3,"id":17973816,"kids":[17974752],"score":22,"time":1536789393,"title":"Business school grads and quants are winning the battle to create the next P&G","type":"story","url":"https://techcrunch.com/2018/09/12/business-school-grads-and-quants-are-winning-the-battle-to-create-the-next-pg/"}
2018-09-12 17:44:58.800327-07:00 Info Return from website:
{"by":"petethomas","descendants":20,"id":17974273,"kids":[17974507,17974712,17974715,17974828,17974526,17974856,17974513,17974572,17974660],"score":59,"time":1536793159,"title":"China now the most prolific contributor to physical sciences, engineering, math","type":"story","url":"https://www.bloomberg.com/view/articles/2018-09-12/chinese-researchers-are-outperforming-americans-in-science"}
2018-09-12 17:44:58.800385-07:00 Info Return from website:
{"by":"DoreenMichele","descendants":17,"id":17974482,"kids":[17974678,17974808,17974764,17974545,17974743],"score":109,"time":1536794872,"title":"Manhattan DA's office drops more than 3,000 open marijuana cases","type":"story","url":"https://www.reuters.com/article/us-new-york-marijuana/manhattan-das-office-drops-more-than-3000-open-marijuana-cases-idUSKCN1LS2ID"}
2018-09-12 17:44:58.800440-07:00 Info Return from website:
{"by":"daninet","descendants":800,"id":17967366,"kids":[17973386,17967967,17967696,17968118,17967485,17974631,17967732,17969954,17967552,17969678,17967718,17967954,17967487,17967918,17967659,17967490,17968607,17967531,17974696,17967568,17972643,17973002,17967806,17968295,17968286,17974461,17968419,17968692,17972681,17967801,17967549,17974460,17968161,17967388,17967538,17967652,17970242,17974203,17967736,17968201,17968483,17967493,17974574,17968046,17973797,17967582,17974173,17967847,17967479,17969842,17969002,17969582,17973838,17967638,17974778,17967557,17967406,17973397,17968352,17967592,17970076,17967702,17967626,17967816,17968191,17967835,17968290,17967981,17967957,17969826,17967814,17969904,17972855,17967775,17972568,17974425,17969679,17968982,17968274,17974372,17967772,17968868,17973248,17970785,17968342,17967523,17967502,17967905,17970456,17967424,17969187,17969144,17968077,17972642,17968861,17968630,17967783,17967607,17967945,17968055,17969579,17968429,17968986,17968006,17967543,17967677,17967609,17967980,17969254,17970772,17967522,17967589,17968381,17967692,17970856],"score":1301,"time":1536751541,"title":"EU approves internet copyright law, including ‘link tax’ and ‘upload filter’","type":"story","url":"https://www.theverge.com/2018/9/12/17849868/eu-internet-copyright-reform-article-11-13-approved"}
2018-09-12 17:44:58.805284-07:00 Info Return from website:
{"by":"cedricvg","descendants":6,"id":17970160,"kids":[17974835,17974890,17970227,17970401,17970207],"score":45,"time":1536768307,"title":"Facebook open-sources LogDevice, a distributed storage for sequential data","type":"story","url":"https://logdevice.io/"}
2018-09-12 17:44:58.805358-07:00 Info Return from website:
{"by":"mikro2nd","descendants":530,"id":17967243,"kids":[17967360,17967376,17970771,17967381,17967491,17968765,17967728,17973876,17969730,17969457,17967645,17967416,17968356,17970503,17969028,17967940,17967752,17967308,17968420,17974671,17967504,17967563,17971055,17967982,17967559,17973649,17968050,17972578,17968300,17972802,17971813,17974521,17968057,17973069,17971035,17967540,17970574,17970325,17970241,17970946,17970882,17971399,17969064,17970738,17971381,17971722,17969351,17969061,17969655,17971595,17974340,17969629,17969807,17969841,17969972,17970999,17970604,17967861,17967769,17968456,17967395,17974234,17969723,17967761,17973022,17968436,17967924,17967738,17969390,17968541,17973048,17968367,17968080,17967290,17971298,17967648,17967805,17967930,17967473],"score":836,"time":1536750053,"title":"Microsoft intercepting Firefox, Chrome installation on Windows 10 Insider build","type":"story","url":"https://www.ghacks.net/2018/09/12/microsoft-intercepting-firefox-chrome-installation-on-windows-10/"}
2018-09-12 17:44:58.808057-07:00 Info Request end method=POST path=/dynamic req_id=c6cb0961-5d79-460f-b6f8-05a4dd463b11 req_ms=467.03
2018-09-12 17:45:39.856565-07:00 Info conns: 0
2018-09-12 17:46:39.857520-07:00 Info conns: 0
2018-09-12 17:47:39.861300-07:00 Info conns: 0
2018-09-12 17:48:39.865971-07:00 Info conns: 0
2018-09-12 17:49:39.869744-07:00 Info conns: 0
2018-09-12 17:50:39.870318-07:00 Info conns: 0
2018-09-12 17:51:39.870640-07:00 Info conns: 0
2018-09-12 17:52:39.872662-07:00 Info conns: 0
2018-09-12 17:53:39.876602-07:00 Info conns: 0
2018-09-12 17:54:39.879029-07:00 Info conns: 0
2018-09-12 17:55:39.883045-07:00 Info conns: 0
2018-09-12 17:56:39.884389-07:00 Info conns: 0
2018-09-12 17:57:39.887598-07:00 Info conns: 0
2018-09-12 17:58:39.889671-07:00 Info conns: 0
2018-09-12 17:59:39.893206-07:00 Info conns: 0
2018-09-12 18:00:39.897785-07:00 Info conns: 0
2018-09-12 18:01:39.900055-07:00 Info conns: 0
2018-09-12 18:02:39.902298-07:00 Info conns: 0
2018-09-12 18:03:39.908029-07:00 Info conns: 0
2018-09-12 18:04:39.911169-07:00 Info conns: 0
2018-09-12 18:05:39.912058-07:00 Info conns: 0
2018-09-12 18:06:39.916459-07:00 Info conns: 0
2018-09-12 18:07:39.916911-07:00 Info conns: 0
2018-09-12 18:08:39.920668-07:00 Info conns: 0
2018-09-12 18:09:39.924425-07:00 Info conns: 0
2018-09-12 18:10:39.926544-07:00 Info conns: 0
2018-09-12 18:11:39.931634-07:00 Info conns: 0
2018-09-12 18:12:34.268101-07:00 Info Request start method=OPTIONS path=/dynamic req_id=9d2cd49c-217d-42fc-8e08-fd96180152e2
2018-09-12 18:12:34.269834-07:00 Info Request end method=OPTIONS path=/dynamic req_id=9d2cd49c-217d-42fc-8e08-fd96180152e2 req_ms=1.65
2018-09-12 18:12:39.934536-07:00 Info conns: 0
2018-09-12 18:13:39.937459-07:00 Info conns: 0
2018-09-12 18:14:39.941475-07:00 Info conns: 0
2018-09-12 18:15:39.942182-07:00 Info conns: 0
2018-09-12 18:15:44.417934-07:00 Info Request start method=OPTIONS path=/dynamic req_id=693e678a-11e9-4475-9edc-6b4c6da04cbb
2018-09-12 18:15:44.419512-07:00 Info Request end method=OPTIONS path=/dynamic req_id=693e678a-11e9-4475-9edc-6b4c6da04cbb req_ms=1.55
2018-09-12 18:16:39.943683-07:00 Info conns: 0
2018-09-12 18:17:39.946962-07:00 Info conns: 0
2018-09-12 18:18:39.951656-07:00 Info conns: 0
2018-09-12 18:19:39.953646-07:00 Info conns: 0
2018-09-12 18:20:39.955953-07:00 Info conns: 0
2018-09-12 18:21:39.960413-07:00 Info conns: 0
2018-09-12 18:22:39.963766-07:00 Info conns: 0
2018-09-12 18:23:39.966811-07:00 Info conns: 0
2018-09-12 18:24:39.970788-07:00 Info conns: 0
2018-09-12 18:25:39.975146-07:00 Info conns: 0
2018-09-12 18:26:39.976961-07:00 Info conns: 0
2018-09-12 18:27:39.978063-07:00 Info conns: 0
2018-09-12 18:28:39.981965-07:00 Info conns: 0
2018-09-12 18:29:39.987066-07:00 Info conns: 0
2018-09-12 18:30:39.987686-07:00 Info conns: 0
2018-09-12 18:31:39.991846-07:00 Info conns: 0
2018-09-12 18:32:39.993008-07:00 Info conns: 0
2018-09-12 18:33:39.996994-07:00 Info conns: 0
2018-09-12 18:34:39.997572-07:00 Info conns: 0
2018-09-12 18:35:40.002618-07:00 Info conns: 0
2018-09-12 18:36:40.004988-07:00 Info conns: 0
2018-09-12 18:37:40.006494-07:00 Info conns: 0
2018-09-12 18:38:40.011644-07:00 Info conns: 0
2018-09-12 18:39:40.012781-07:00 Info conns: 0
2018-09-12 18:40:40.015678-07:00 Info conns: 0
2018-09-12 18:40:43.780490-07:00 Info Request start method=OPTIONS path=/dynamic req_id=773b888c-4bb8-4c91-b7b6-bef297e8acd1
2018-09-12 18:40:43.782114-07:00 Info Request end method=OPTIONS path=/dynamic req_id=773b888c-4bb8-4c91-b7b6-bef297e8acd1 req_ms=1.63
